<?xml version="1.0" encoding="UTF-8"?>
<robot generator="Robot 3.2rc1 (Python 3.8.1 on win32)" generated="20200430 15:09:31.114" rpa="false">
<suite id="s1" name="BOOT CRIACAO DE CTS" source="C:\TCM\TCM_hz\tests\BOOT_CRIACAO_DE_CTS.robot">
<kw name="Start Session" library="base" type="setup">
<kw name="Open Browser" library="SeleniumLibrary">
<doc>Opens a new browser instance to the optional ``url``.</doc>
<arguments>
<arg>about:blank</arg>
<arg>chrome</arg>
</arguments>
<msg timestamp="20200430 15:09:31.470" level="INFO">Opening browser 'chrome' to base url 'about:blank'.</msg>
<status status="PASS" starttime="20200430 15:09:31.470" endtime="20200430 15:09:32.539"></status>
</kw>
<kw name="Set Selenium Implicit Wait" library="SeleniumLibrary">
<doc>Sets the implicit wait value used by Selenium.</doc>
<arguments>
<arg>30</arg>
</arguments>
<status status="PASS" starttime="20200430 15:09:32.539" endtime="20200430 15:09:32.541"></status>
</kw>
<kw name="Maximize Browser Window" library="SeleniumLibrary">
<doc>Maximizes current browser window.</doc>
<status status="PASS" starttime="20200430 15:09:32.541" endtime="20200430 15:09:32.658"></status>
</kw>
<status status="PASS" starttime="20200430 15:09:31.470" endtime="20200430 15:09:32.658"></status>
</kw>
<test id="s1-t1" name="Administrador loga com email e senha válido!">
<kw name="Tentar logar na RSTP Criação de Cts">
<arguments>
<arg>rafael.ribeiro@ul.com</arg>
<arg>Safra@123</arg>
<arg>Rascunho</arg>
</arguments>
<kw name="Dado que acesso a página login da RSTP" library="setup_hz">
<kw name="Go To" library="SeleniumLibrary">
<doc>Navigates the current browser window to the provided ``url``.</doc>
<arguments>
<arg>${BASE_URL}</arg>
</arguments>
<msg timestamp="20200430 15:09:32.661" level="INFO">Opening url 'https://rede.selftestplatform.com/tcm/testplan.htm?testplanid=1256'</msg>
<kw name="Capture Page Screenshot" library="SeleniumLibrary">
<doc>Takes a screenshot of the current page and embeds it into a log file.</doc>
<msg timestamp="20200430 15:09:37.629" level="FAIL">WebDriverException: Message: chrome not reachable
  (Session info: chrome=81.0.4044.122)
</msg>
<status status="FAIL" starttime="20200430 15:09:33.268" endtime="20200430 15:09:37.630"></status>
</kw>
<msg timestamp="20200430 15:09:37.630" level="WARN">Keyword 'Capture Page Screenshot' could not be run on failure: WebDriverException: Message: chrome not reachable
  (Session info: chrome=81.0.4044.122)
</msg>
<msg timestamp="20200430 15:09:37.633" level="FAIL">WebDriverException: Message: unknown error: cannot determine loading status
from disconnected: received Inspector.detached event
  (Session info: chrome=81.0.4044.122)
</msg>
<status status="FAIL" starttime="20200430 15:09:32.660" endtime="20200430 15:09:37.633"></status>
</kw>
<status status="FAIL" starttime="20200430 15:09:32.660" endtime="20200430 15:09:37.633"></status>
</kw>
<status status="FAIL" starttime="20200430 15:09:32.660" endtime="20200430 15:09:37.633"></status>
</kw>
<kw name="End Test" library="base" type="teardown">
<kw name="Capture Page Screenshot" library="SeleniumLibrary">
<doc>Takes a screenshot of the current page and embeds it into a log file.</doc>
<kw name="Capture Page Screenshot" library="SeleniumLibrary">
<doc>Takes a screenshot of the current page and embeds it into a log file.</doc>
<msg timestamp="20200430 15:09:46.255" level="FAIL">WebDriverException: Message: chrome not reachable
  (Session info: chrome=81.0.4044.122)
</msg>
<status status="FAIL" starttime="20200430 15:09:41.947" endtime="20200430 15:09:46.255"></status>
</kw>
<msg timestamp="20200430 15:09:46.255" level="WARN">Keyword 'Capture Page Screenshot' could not be run on failure: WebDriverException: Message: chrome not reachable
  (Session info: chrome=81.0.4044.122)
</msg>
<msg timestamp="20200430 15:09:46.258" level="FAIL">WebDriverException: Message: chrome not reachable
  (Session info: chrome=81.0.4044.122)
</msg>
<status status="FAIL" starttime="20200430 15:09:37.634" endtime="20200430 15:09:46.258"></status>
</kw>
<status status="FAIL" starttime="20200430 15:09:37.634" endtime="20200430 15:09:46.258">WebDriverException: Message: chrome not reachable
  (Session info: chrome=81.0.4044.122)
</status>
</kw>
<status status="FAIL" starttime="20200430 15:09:32.658" endtime="20200430 15:09:46.258" critical="yes">WebDriverException: Message: unknown error: cannot determine loading status
from disconnected: received Inspector.detached event
  (Session info: chrome=81.0.4044.122)


Also teardown failed:
WebDriverException: Message: chrome not reachable
  (Session info: chrome=81.0.4044.122)
</status>
</test>
<test id="s1-t2" name="CRIAÇÃO DE CTS sem applicabilities">
<kw name="Cadastro do campo CRIAÇÃO DE CTS sem applicabilities">
<arguments>
<arg>ESTATISTICA-CH-HF-001</arg>
</arguments>
<kw name="Dado que acesso o caso de teste &quot;${caso_de_teste}&quot; e clico no botão de editar Criação de Cts" library="setup_hz">
<kw name="Go To" library="SeleniumLibrary">
<doc>Navigates the current browser window to the provided ``url``.</doc>
<arguments>
<arg>about:blank</arg>
</arguments>
<msg timestamp="20200430 15:09:46.263" level="INFO">Opening url 'about:blank'</msg>
<kw name="Capture Page Screenshot" library="SeleniumLibrary">
<doc>Takes a screenshot of the current page and embeds it into a log file.</doc>
<msg timestamp="20200430 15:09:54.577" level="FAIL">WebDriverException: Message: chrome not reachable
  (Session info: chrome=81.0.4044.122)
</msg>
<status status="FAIL" starttime="20200430 15:09:50.271" endtime="20200430 15:09:54.577"></status>
</kw>
<msg timestamp="20200430 15:09:54.577" level="WARN">Keyword 'Capture Page Screenshot' could not be run on failure: WebDriverException: Message: chrome not reachable
  (Session info: chrome=81.0.4044.122)
</msg>
<msg timestamp="20200430 15:09:54.579" level="FAIL">WebDriverException: Message: chrome not reachable
  (Session info: chrome=81.0.4044.122)
</msg>
<status status="FAIL" starttime="20200430 15:09:46.263" endtime="20200430 15:09:54.579"></status>
</kw>
<status status="FAIL" starttime="20200430 15:09:46.262" endtime="20200430 15:09:54.580"></status>
</kw>
<status status="FAIL" starttime="20200430 15:09:46.262" endtime="20200430 15:09:54.580"></status>
</kw>
<kw name="End Test" library="base" type="teardown">
<kw name="Capture Page Screenshot" library="SeleniumLibrary">
<doc>Takes a screenshot of the current page and embeds it into a log file.</doc>
<kw name="Capture Page Screenshot" library="SeleniumLibrary">
<doc>Takes a screenshot of the current page and embeds it into a log file.</doc>
<msg timestamp="20200430 15:10:03.182" level="FAIL">WebDriverException: Message: chrome not reachable
  (Session info: chrome=81.0.4044.122)
</msg>
<status status="FAIL" starttime="20200430 15:09:58.883" endtime="20200430 15:10:03.182"></status>
</kw>
<msg timestamp="20200430 15:10:03.182" level="WARN">Keyword 'Capture Page Screenshot' could not be run on failure: WebDriverException: Message: chrome not reachable
  (Session info: chrome=81.0.4044.122)
</msg>
<msg timestamp="20200430 15:10:03.185" level="FAIL">WebDriverException: Message: chrome not reachable
  (Session info: chrome=81.0.4044.122)
</msg>
<status status="FAIL" starttime="20200430 15:09:54.581" endtime="20200430 15:10:03.185"></status>
</kw>
<status status="FAIL" starttime="20200430 15:09:54.580" endtime="20200430 15:10:03.185">WebDriverException: Message: chrome not reachable
  (Session info: chrome=81.0.4044.122)
</status>
</kw>
<status status="FAIL" starttime="20200430 15:09:46.261" endtime="20200430 15:10:03.185" critical="yes">WebDriverException: Message: chrome not reachable
  (Session info: chrome=81.0.4044.122)


Also teardown failed:
WebDriverException: Message: chrome not reachable
  (Session info: chrome=81.0.4044.122)
</status>
</test>
<kw name="End Session" library="base" type="teardown">
<kw name="Close Browser" library="SeleniumLibrary">
<doc>Closes the current browser.</doc>
<status status="PASS" starttime="20200430 15:10:03.190" endtime="20200430 15:10:05.217"></status>
</kw>
<kw name="Sleep" library="BuiltIn">
<doc>Pauses the test executed for the given time.</doc>
<arguments>
<arg>5</arg>
</arguments>
<msg timestamp="20200430 15:10:10.219" level="INFO">Slept 5 seconds</msg>
<status status="PASS" starttime="20200430 15:10:05.218" endtime="20200430 15:10:10.220"></status>
</kw>
<status status="PASS" starttime="20200430 15:10:03.189" endtime="20200430 15:10:10.220"></status>
</kw>
<doc>TCM - CRIAÇÃO DE CTs
Para que eu possa inserir dados na página de cadastro de cts no TCM
Sendo um usuário que possui um email e senha com privilégio de administrador
Quero poder finalizar o cadastro completo com suas applicabilities
E encerrar a seção.</doc>
<status status="FAIL" starttime="20200430 15:09:31.115" endtime="20200430 15:10:10.220"></status>
</suite>
<statistics>
<total>
<stat pass="0" fail="2">Critical Tests</stat>
<stat pass="0" fail="2">All Tests</stat>
</total>
<tag>
</tag>
<suite>
<stat pass="0" fail="2" id="s1" name="BOOT CRIACAO DE CTS">BOOT CRIACAO DE CTS</stat>
</suite>
</statistics>
<errors>
<msg timestamp="20200430 15:09:37.630" level="WARN">Keyword 'Capture Page Screenshot' could not be run on failure: WebDriverException: Message: chrome not reachable
  (Session info: chrome=81.0.4044.122)
</msg>
<msg timestamp="20200430 15:09:46.255" level="WARN">Keyword 'Capture Page Screenshot' could not be run on failure: WebDriverException: Message: chrome not reachable
  (Session info: chrome=81.0.4044.122)
</msg>
<msg timestamp="20200430 15:09:54.577" level="WARN">Keyword 'Capture Page Screenshot' could not be run on failure: WebDriverException: Message: chrome not reachable
  (Session info: chrome=81.0.4044.122)
</msg>
<msg timestamp="20200430 15:10:03.182" level="WARN">Keyword 'Capture Page Screenshot' could not be run on failure: WebDriverException: Message: chrome not reachable
  (Session info: chrome=81.0.4044.122)
</msg>
</errors>
</robot>
